<?xml version="1.0" encoding="UTF-8" ?>
<testsuite tests="72" failures="0" name="com.mycompany.cucumbertesting.DemoTest" time="0.493" errors="0" skipped="0">
  <properties>
    <property name="java.runtime.name" value="Java(TM) SE Runtime Environment"/>
    <property name="sun.boot.library.path" value="C:\Program Files\Java\jdk1.8.0_121\jre\bin"/>
    <property name="java.vm.version" value="25.121-b13"/>
    <property name="java.vm.vendor" value="Oracle Corporation"/>
    <property name="java.vendor.url" value="http://java.oracle.com/"/>
    <property name="path.separator" value=";"/>
    <property name="guice.disable.misplaced.annotation.check" value="true"/>
    <property name="java.vm.name" value="Java HotSpot(TM) 64-Bit Server VM"/>
    <property name="file.encoding.pkg" value="sun.io"/>
    <property name="user.script" value=""/>
    <property name="user.country" value="ID"/>
    <property name="sun.java.launcher" value="SUN_STANDARD"/>
    <property name="sun.os.patch.level" value=""/>
    <property name="java.vm.specification.name" value="Java Virtual Machine Specification"/>
    <property name="user.dir" value="E:\learning\SistemAdministrasiKeuangan\CucumberTesting"/>
    <property name="java.runtime.version" value="1.8.0_121-b13"/>
    <property name="java.awt.graphicsenv" value="sun.awt.Win32GraphicsEnvironment"/>
    <property name="java.endorsed.dirs" value="C:\Program Files\Java\jdk1.8.0_121\jre\lib\endorsed"/>
    <property name="os.arch" value="amd64"/>
    <property name="java.io.tmpdir" value="C:\Users\MIAfandi\AppData\Local\Temp\"/>
    <property name="line.separator" value="
"/>
    <property name="java.vm.specification.vendor" value="Oracle Corporation"/>
    <property name="user.variant" value=""/>
    <property name="os.name" value="Windows 10"/>
    <property name="maven.ext.class.path" value="C:\Program Files\NetBeans 8.2\java\maven-nblib\netbeans-eventspy.jar"/>
    <property name="classworlds.conf" value="C:\Program Files\NetBeans 8.2\java\maven\bin\m2.conf"/>
    <property name="sun.jnu.encoding" value="Cp1252"/>
    <property name="java.library.path" value="C:\Program Files\Java\jdk1.8.0_121\bin;C:\WINDOWS\Sun\Java\bin;C:\WINDOWS\system32;C:\WINDOWS;C:\ProgramData\Oracle\Java\javapath;C:\WINDOWS\system32;C:\WINDOWS;C:\WINDOWS\System32\Wbem;C:\WINDOWS\System32\WindowsPowerShell\v1.0\;C:\Program Files (x86)\Skype\Phone\;C:\Program Files (x86)\QuickTime\QTSystem\;C:\php;C:\Apache24;C:\Apache24\bin;C:\composer;C:\Program Files\Git\cmd;C:\Program Files\nodejs\;C:\Users\MIAfandi\AppData\Local\Microsoft\WindowsApps;C:\Users\MIAfandi\AppData\Roaming\Composer\vendor\bin;C:\Users\MIAfandi\AppData\Roaming\npm;F:\Sonar-testing\sonarqube-6.7\bin\windows-x86-64;F:\Sonar-testing\sonar-runner-2.4\bin;F:\Sonar-testing\sonar-scanner-3.0.3.778-windows\bin;F:\Sonar-testing\apache-maven-3.5.2\bin;F:\Sonar-testing\sonar-runner-2.4;;."/>
    <property name="java.specification.name" value="Java Platform API Specification"/>
    <property name="java.class.version" value="52.0"/>
    <property name="sun.management.compiler" value="HotSpot 64-Bit Tiered Compilers"/>
    <property name="os.version" value="10.0"/>
    <property name="user.home" value="C:\Users\MIAfandi"/>
    <property name="user.timezone" value="Asia/Bangkok"/>
    <property name="java.awt.printerjob" value="sun.awt.windows.WPrinterJob"/>
    <property name="java.specification.version" value="1.8"/>
    <property name="file.encoding" value="UTF-8"/>
    <property name="user.name" value="MIAfandi"/>
    <property name="java.class.path" value="C:\Program Files\NetBeans 8.2\java\maven\boot\plexus-classworlds-2.4.jar"/>
    <property name="java.vm.specification.version" value="1.8"/>
    <property name="sun.arch.data.model" value="64"/>
    <property name="java.home" value="C:\Program Files\Java\jdk1.8.0_121\jre"/>
    <property name="sun.java.command" value="org.codehaus.plexus.classworlds.launcher.Launcher -Dmaven.ext.class.path=C:\Program Files\NetBeans 8.2\java\maven-nblib\netbeans-eventspy.jar -Dfile.encoding=UTF-8 test"/>
    <property name="java.specification.vendor" value="Oracle Corporation"/>
    <property name="user.language" value="en"/>
    <property name="awt.toolkit" value="sun.awt.windows.WToolkit"/>
    <property name="java.vm.info" value="mixed mode"/>
    <property name="java.version" value="1.8.0_121"/>
    <property name="java.ext.dirs" value="C:\Program Files\Java\jdk1.8.0_121\jre\lib\ext;C:\WINDOWS\Sun\Java\lib\ext"/>
    <property name="sun.boot.class.path" value="C:\Program Files\Java\jdk1.8.0_121\jre\lib\resources.jar;C:\Program Files\Java\jdk1.8.0_121\jre\lib\rt.jar;C:\Program Files\Java\jdk1.8.0_121\jre\lib\sunrsasign.jar;C:\Program Files\Java\jdk1.8.0_121\jre\lib\jsse.jar;C:\Program Files\Java\jdk1.8.0_121\jre\lib\jce.jar;C:\Program Files\Java\jdk1.8.0_121\jre\lib\charsets.jar;C:\Program Files\Java\jdk1.8.0_121\jre\lib\jfr.jar;C:\Program Files\Java\jdk1.8.0_121\jre\classes"/>
    <property name="java.vendor" value="Oracle Corporation"/>
    <property name="maven.home" value="C:\Program Files\NetBeans 8.2\java\maven"/>
    <property name="file.separator" value="\"/>
    <property name="java.vendor.url.bug" value="http://bugreport.sun.com/bugreport/"/>
    <property name="sun.cpu.endian" value="little"/>
    <property name="sun.io.unicode.encoding" value="UnicodeLittle"/>
    <property name="sun.desktop" value="windows"/>
    <property name="sun.cpu.isalist" value="amd64"/>
  </properties>
  <testcase classname="Skenario: Memasukan User Baru" name="Dengan Data user baru yang akan dimasukan tersedia dan tidak duplikat dengan data yang telah ada di sistem" time="0.001"/>
  <testcase classname="Skenario: Memasukan User Baru" name="Ketika Memasukan data user dengan nama \&quot;badu\&quot;" time="0"/>
  <testcase classname="Skenario: Memasukan User Baru" name="Maka respon \&quot;user sukses dimasukan\&quot;" time="0"/>
  <testcase classname="Skenario: Memasukan User Baru" name="Skenario: Memasukan User Baru" time="0"/>
  <testcase classname="Skenario: Memasukan User Baru" name="Dengan Data user baru yang akan dimasukan tersedia dan tidak duplikat dengan data yang telah ada di sistem" time="0"/>
  <testcase classname="Skenario: Memasukan User Baru" name="Ketika Memasukan data user dengan nama \&quot;deni\&quot;" time="0"/>
  <testcase classname="Skenario: Memasukan User Baru" name="Maka respon gagal dengan pesan \&quot;duplicate\&quot;" time="0"/>
  <testcase classname="Skenario: Memasukan User Baru" name="Skenario: Memasukan User Baru" time="0.001"/>
  <testcase classname="Skenario: Melakukan Input Pengajuan Dana" name="Dengan Data pengajuan dana yang akan dimasukan sesuai format" time="0"/>
  <testcase classname="Skenario: Melakukan Input Pengajuan Dana" name="Ketika Melakukan pengajuan dana" time="0"/>
  <testcase classname="Skenario: Melakukan Input Pengajuan Dana" name="Maka respon pengajuan dana \&quot;Pengajuan Dana Berhasil\&quot;" time="0"/>
  <testcase classname="Skenario: Melakukan Input Pengajuan Dana" name="Skenario: Melakukan Input Pengajuan Dana" time="0"/>
  <testcase classname="Skenario: Melakukan Input Pengajuan Dana" name="Dengan Data pengajuan dana yang akan dimasukan sesuai format" time="0"/>
  <testcase classname="Skenario: Melakukan Input Pengajuan Dana" name="Ketika Melakukan pengajuan dana" time="0"/>
  <testcase classname="Skenario: Melakukan Input Pengajuan Dana" name="Maka respon gagal pengajuan dana \&quot;Pengajuan Dana Gagal\&quot;" time="0"/>
  <testcase classname="Skenario: Melakukan Input Pengajuan Dana" name="Skenario: Melakukan Input Pengajuan Dana" time="0"/>
  <testcase classname="Skenario: Melakukan Input Pengeluaran Dana" name="Dengan Data pengeluaran dana yang akan dimasukan tersedia dan tidak duplikat dengan data yang telah ada di sistem" time="0"/>
  <testcase classname="Skenario: Melakukan Input Pengeluaran Dana" name="Ketika Melakukan pengeluaran dana" time="0"/>
  <testcase classname="Skenario: Melakukan Input Pengeluaran Dana" name="Maka respon pengeluaran dana \&quot;Pengeluaran Dana Berhasil\&quot;" time="0"/>
  <testcase classname="Skenario: Melakukan Input Pengeluaran Dana" name="Skenario: Melakukan Input Pengeluaran Dana" time="0"/>
  <testcase classname="Skenario: Melakukan Input Pengeluaran Dana" name="Dengan Data pengeluaran dana yang akan dimasukan tersedia dan tidak duplikat dengan data yang telah ada di sistem" time="0"/>
  <testcase classname="Skenario: Melakukan Input Pengeluaran Dana" name="Ketika Melakukan pengeluaran dana" time="0"/>
  <testcase classname="Skenario: Melakukan Input Pengeluaran Dana" name="Maka respon gagal pengeluaran dana \&quot;Pengeluaran Dana Gagal\&quot;" time="0"/>
  <testcase classname="Skenario: Melakukan Input Pengeluaran Dana" name="Skenario: Melakukan Input Pengeluaran Dana" time="0"/>
  <testcase classname="Skenario: Melakukan Input Laporan Tahunan" name="Dengan Data laporan tahunan yang akan dimasukkan dan sesuai format" time="0"/>
  <testcase classname="Skenario: Melakukan Input Laporan Tahunan" name="Ketika Melakukan laporan tahunan" time="0"/>
  <testcase classname="Skenario: Melakukan Input Laporan Tahunan" name="Maka respon laporan tahunan \&quot;Laporan Tahunan tersimpan\&quot;" time="0"/>
  <testcase classname="Skenario: Melakukan Input Laporan Tahunan" name="Skenario: Melakukan Input Laporan Tahunan" time="0"/>
  <testcase classname="Skenario: Melakukan Input Laporan Tahunan" name="Dengan Data laporan tahunan yang akan dimasukkan dan sesuai format" time="0"/>
  <testcase classname="Skenario: Melakukan Input Laporan Tahunan" name="Ketika Melakukan laporan tahunan" time="0"/>
  <testcase classname="Skenario: Melakukan Input Laporan Tahunan" name="Maka respon gagal laporan tahunan \&quot;Laporan Tahunan gagal tersimpan\&quot;" time="0"/>
  <testcase classname="Skenario: Melakukan Input Laporan Tahunan" name="Skenario: Melakukan Input Laporan Tahunan" time="0"/>
  <testcase classname="Skenario: Login User" name="Dengan Data account yang dimiliki ketika divalidasi ada di database system" time="0"/>
  <testcase classname="Skenario: Login User" name="Ketika Login ke dalam sistem keuangan dengan account \&quot;irwan\&quot;" time="0"/>
  <testcase classname="Skenario: Login User" name="Maka respon login \&quot;Login Berhasil\&quot;" time="0"/>
  <testcase classname="Skenario: Login User" name="Skenario: Login User" time="0"/>
  <testcase classname="Skenario: Login User" name="Dengan Data account yang dimiliki ketika divalidasi ada di database system" time="0"/>
  <testcase classname="Skenario: Login User" name="Ketika Login ke dalam sistem keuangan dengan account \&quot;afandi\&quot;" time="0"/>
  <testcase classname="Skenario: Login User" name="Maka respon login gagal \&quot;Login Gagal cek account anda\&quot;" time="0"/>
  <testcase classname="Skenario: Login User" name="Skenario: Login User" time="0"/>
  <testcase classname="Skenario: Melakukan Pembagian Dana" name="Dengan Data pembagian dana yang akan dimasukan tersedia dan tidak duplikat dengan data yang telah ada di sistem" time="0"/>
  <testcase classname="Skenario: Melakukan Pembagian Dana" name="Ketika Melakukan pembagian dana" time="0"/>
  <testcase classname="Skenario: Melakukan Pembagian Dana" name="Maka respon pembagian dana \&quot;Pembagian Dana Berhasil\&quot;" time="0"/>
  <testcase classname="Skenario: Melakukan Pembagian Dana" name="Skenario: Melakukan Pembagian Dana" time="0.001"/>
  <testcase classname="Skenario: Melakukan Pembagian Dana" name="Dengan Data pembagian dana yang akan dimasukan tersedia dan tidak duplikat dengan data yang telah ada di sistem" time="0"/>
  <testcase classname="Skenario: Melakukan Pembagian Dana" name="Ketika Melakukan pembagian dana" time="0"/>
  <testcase classname="Skenario: Melakukan Pembagian Dana" name="Maka respon gagal pembagian dana \&quot;Pembagian Dana Gagal\&quot;" time="0"/>
  <testcase classname="Skenario: Melakukan Pembagian Dana" name="Skenario: Melakukan Pembagian Dana" time="0"/>
  <testcase classname="Skenario: Melakukan Pembayaran Mahasiswa" name="Dengan Data pembayaran baru yang akan dimasukan tersedia dan tidak duplikat dengan data yang telah ada di sistem" time="0"/>
  <testcase classname="Skenario: Melakukan Pembayaran Mahasiswa" name="Ketika Melakukan pembayaran mahasiswa" time="0"/>
  <testcase classname="Skenario: Melakukan Pembayaran Mahasiswa" name="Maka responnya \&quot;Mahasiswa sukses melakukan pembayaran\&quot;" time="0"/>
  <testcase classname="Skenario: Melakukan Pembayaran Mahasiswa" name="Skenario: Melakukan Pembayaran Mahasiswa" time="0"/>
  <testcase classname="Skenario: Melakukan Pembayaran Mahasiswa" name="Dengan Data pembayaran baru yang akan dimasukan tersedia dan tidak duplikat dengan data yang telah ada di sistem" time="0"/>
  <testcase classname="Skenario: Melakukan Pembayaran Mahasiswa" name="Ketika Melakukan pembayaran mahasiswa" time="0"/>
  <testcase classname="Skenario: Melakukan Pembayaran Mahasiswa" name="Maka responnya gagal dengan pesan \&quot;Mahasiswa gagal melakukan pembayaran\&quot;" time="0"/>
  <testcase classname="Skenario: Melakukan Pembayaran Mahasiswa" name="Skenario: Melakukan Pembayaran Mahasiswa" time="0"/>
  <testcase classname="Skenario: Melakukan Pengajuan Dana" name="Dengan Data pengajuan dana yang akan dimasukan tersedia dan tidak duplikat dengan data yang telah ada di sistem" time="0"/>
  <testcase classname="Skenario: Melakukan Pengajuan Dana" name="Ketika Melakukan pengajuan dana" time="0"/>
  <testcase classname="Skenario: Melakukan Pengajuan Dana" name="Maka respon pengajuan dana \&quot;Pengajuan Dana Berhasil\&quot;" time="0"/>
  <testcase classname="Skenario: Melakukan Pengajuan Dana" name="Skenario: Melakukan Pengajuan Dana" time="0"/>
  <testcase classname="Skenario: Melakukan Pengajuan Dana" name="Dengan Data pengajuan dana yang akan dimasukan tersedia dan tidak duplikat dengan data yang telah ada di sistem" time="0"/>
  <testcase classname="Skenario: Melakukan Pengajuan Dana" name="Ketika Melakukan pengajuan dana" time="0"/>
  <testcase classname="Skenario: Melakukan Pengajuan Dana" name="Maka respon gagal pengajuan dana \&quot;Pengajuan Dana Gagal\&quot;" time="0"/>
  <testcase classname="Skenario: Melakukan Pengajuan Dana" name="Skenario: Melakukan Pengajuan Dana" time="0"/>
  <testcase classname="Skenario: Pembagian dana fakultas" name="Dengan Admin fakultas masuk ke halaman homepage admin fakultas pengeluarn dana" time="0"/>
  <testcase classname="Skenario: Pembagian dana fakultas" name="Ketika Mengklik tombol pengeluaran \&quot;view pengeluaran dana\&quot;" time="0"/>
  <testcase classname="Skenario: Pembagian dana fakultas" name="Maka respon sistem pengeluaran \&quot;Tampil Data Pengeluaran Dana\&quot;" time="0"/>
  <testcase classname="Skenario: Pembagian dana fakultas" name="Skenario: Pembagian dana fakultas" time="0"/>
  <testcase classname="Skenario: Pembagian dana fakultas" name="Dengan Admin fakultas masuk ke halaman homepage admin fakultas" time="0"/>
  <testcase classname="Skenario: Pembagian dana fakultas" name="Ketika Mengklik tombol \&quot;view pembagian dana\&quot;" time="0"/>
  <testcase classname="Skenario: Pembagian dana fakultas" name="Maka respon sistem \&quot;Tampil Data Pembagian Dana\&quot;" time="0"/>
  <testcase classname="Skenario: Pembagian dana fakultas" name="Skenario: Pembagian dana fakultas" time="0.001"/>
</testsuite>